<?xml version="1.0" encoding="UTF-8"?>
<!-- Generated by org.testng.reporters.JUnitReportReporter -->
<testsuite hostname="DESKTOP-H4R4ML7" failures="0" tests="1" name="com.leaftaps.testcases.TC003_EditLead" time="36.754" errors="0" timestamp="2023-06-10T15:46:27 IST" skipped="0">
  <testcase classname="com.leaftaps.testcases.TC003_EditLead" name="runLogin" time="36.754"/>
  <system-out/>
</testsuite> <!-- com.leaftaps.testcases.TC003_EditLead -->
