<?xml version="1.0" encoding="UTF-8"?>
<!-- Generated by org.testng.reporters.JUnitReportReporter -->
<testsuite hostname="DESKTOP-H4R4ML7" failures="0" tests="1" name="com.leaftaps.testcases.TC002_CreateLead" time="33.222" errors="0" timestamp="2023-06-10T15:46:27 IST" skipped="0">
  <testcase classname="com.leaftaps.testcases.TC002_CreateLead" name="runLogin" time="33.222"/>
  <system-out/>
</testsuite> <!-- com.leaftaps.testcases.TC002_CreateLead -->
